8.1.2 06-07-2024 14:43:07 Starting new session. Mods: examplemod 
8.1.2 06-07-2024 14:43:24 ERROR: null: agriculture_small_seljuks: Error when reading value 'g?lgealti' for parameter secondary: Unknown building: g?lgealti
8.1.2 06-07-2024 14:43:24 ERROR: null: agriculture_village_seljuks: Error when reading value 'g?lgealti' for parameter secondary: Unknown building: g?lgealti
8.1.2 06-07-2024 14:43:24 ERROR: null: artisans_small_seljuks: Error when reading value 'g?lgealti' for parameter never: Unknown building: g?lgealti
8.1.2 06-07-2024 14:43:25 ERROR: null: controlled_fort_seljuks: Error when reading value 'g?lgealti' for parameter core: Unknown building: g?lgealti
8.1.2 06-07-2024 14:43:25 ERROR: null: controlled_small_village_seljuks: Error when reading value 'g?lgealti' for parameter core: Unknown building: g?lgealti
8.1.2 06-07-2024 14:43:25 ERROR: null: military_village_seljuks: Error when reading value 'g?lgealti' for parameter secondary: Unknown building: g?lgealti
8.1.2 06-07-2024 14:43:25 ERROR: null: religious_village_seljuks: Error when reading value 'g?lgealti' for parameter secondary: Unknown building: g?lgealti
8.1.2 06-07-2024 14:43:25 ERROR: null: trading_village_seljuks: Error when reading value 'g?lgealti' for parameter secondary: Unknown building: g?lgealti
8.1.2 06-07-2024 14:43:25 MAJOR: null: Loading language: fr
8.1.2 06-07-2024 14:43:25 ERROR: null: Git conflict lines present in /minecraft/mods/millenaire/languages/zh_tw/quests_sadhu.txt
8.1.2 06-07-2024 14:43:25 ERROR: null: Git conflict lines present in /minecraft/mods/millenaire/languages/zh_tw/quests_alchemist.txt
8.1.2 06-07-2024 14:43:25 MAJOR: null: LanguageData loaded: fr. Wand invitem name: Wand of Summoning
8.1.2 06-07-2024 14:46:08 Starting new session. Mods: examplemod 
8.1.2 06-07-2024 14:46:24 ERROR: null: agriculture_small_seljuks: Error when reading value 'g?lgealti' for parameter secondary: Unknown building: g?lgealti
8.1.2 06-07-2024 14:46:24 ERROR: null: agriculture_village_seljuks: Error when reading value 'g?lgealti' for parameter secondary: Unknown building: g?lgealti
8.1.2 06-07-2024 14:46:24 ERROR: null: artisans_small_seljuks: Error when reading value 'g?lgealti' for parameter never: Unknown building: g?lgealti
8.1.2 06-07-2024 14:46:24 ERROR: null: controlled_fort_seljuks: Error when reading value 'g?lgealti' for parameter core: Unknown building: g?lgealti
8.1.2 06-07-2024 14:46:24 ERROR: null: controlled_small_village_seljuks: Error when reading value 'g?lgealti' for parameter core: Unknown building: g?lgealti
8.1.2 06-07-2024 14:46:24 ERROR: null: military_village_seljuks: Error when reading value 'g?lgealti' for parameter secondary: Unknown building: g?lgealti
8.1.2 06-07-2024 14:46:24 ERROR: null: religious_village_seljuks: Error when reading value 'g?lgealti' for parameter secondary: Unknown building: g?lgealti
8.1.2 06-07-2024 14:46:24 ERROR: null: trading_village_seljuks: Error when reading value 'g?lgealti' for parameter secondary: Unknown building: g?lgealti
8.1.2 06-07-2024 14:46:24 MAJOR: null: Loading language: fr
8.1.2 06-07-2024 14:46:24 ERROR: null: Git conflict lines present in /minecraft/mods/millenaire/languages/zh_tw/quests_sadhu.txt
8.1.2 06-07-2024 14:46:24 ERROR: null: Git conflict lines present in /minecraft/mods/millenaire/languages/zh_tw/quests_alchemist.txt
8.1.2 06-07-2024 14:46:25 MAJOR: null: LanguageData loaded: fr. Wand invitem name: Wand of Summoning
8.1.2 06-07-2024 15:21:40 Starting new session. Mods: examplemod 
8.1.2 06-07-2024 15:22:00 ERROR: null: agriculture_small_seljuks: Error when reading value 'g?lgealti' for parameter secondary: Unknown building: g?lgealti
8.1.2 06-07-2024 15:22:00 ERROR: null: agriculture_village_seljuks: Error when reading value 'g?lgealti' for parameter secondary: Unknown building: g?lgealti
8.1.2 06-07-2024 15:22:00 ERROR: null: artisans_small_seljuks: Error when reading value 'g?lgealti' for parameter never: Unknown building: g?lgealti
8.1.2 06-07-2024 15:22:00 ERROR: null: controlled_fort_seljuks: Error when reading value 'g?lgealti' for parameter core: Unknown building: g?lgealti
8.1.2 06-07-2024 15:22:00 ERROR: null: controlled_small_village_seljuks: Error when reading value 'g?lgealti' for parameter core: Unknown building: g?lgealti
8.1.2 06-07-2024 15:22:00 ERROR: null: military_village_seljuks: Error when reading value 'g?lgealti' for parameter secondary: Unknown building: g?lgealti
8.1.2 06-07-2024 15:22:00 ERROR: null: religious_village_seljuks: Error when reading value 'g?lgealti' for parameter secondary: Unknown building: g?lgealti
8.1.2 06-07-2024 15:22:00 ERROR: null: trading_village_seljuks: Error when reading value 'g?lgealti' for parameter secondary: Unknown building: g?lgealti
8.1.2 06-07-2024 15:22:00 MAJOR: null: Loading language: fr
8.1.2 06-07-2024 15:22:00 ERROR: null: Git conflict lines present in /minecraft/mods/millenaire/languages/zh_tw/quests_sadhu.txt
8.1.2 06-07-2024 15:22:00 ERROR: null: Git conflict lines present in /minecraft/mods/millenaire/languages/zh_tw/quests_alchemist.txt
8.1.2 06-07-2024 15:22:00 MAJOR: null: LanguageData loaded: fr. Wand invitem name: Wand of Summoning
8.1.2 06-07-2024 15:31:17 Starting new session. Mods: examplemod 
8.1.2 06-07-2024 15:31:37 ERROR: null: agriculture_small_seljuks: Error when reading value 'g?lgealti' for parameter secondary: Unknown building: g?lgealti
8.1.2 06-07-2024 15:31:37 ERROR: null: agriculture_village_seljuks: Error when reading value 'g?lgealti' for parameter secondary: Unknown building: g?lgealti
8.1.2 06-07-2024 15:31:37 ERROR: null: artisans_small_seljuks: Error when reading value 'g?lgealti' for parameter never: Unknown building: g?lgealti
8.1.2 06-07-2024 15:31:37 ERROR: null: controlled_fort_seljuks: Error when reading value 'g?lgealti' for parameter core: Unknown building: g?lgealti
8.1.2 06-07-2024 15:31:37 ERROR: null: controlled_small_village_seljuks: Error when reading value 'g?lgealti' for parameter core: Unknown building: g?lgealti
8.1.2 06-07-2024 15:31:37 ERROR: null: military_village_seljuks: Error when reading value 'g?lgealti' for parameter secondary: Unknown building: g?lgealti
8.1.2 06-07-2024 15:31:37 ERROR: null: religious_village_seljuks: Error when reading value 'g?lgealti' for parameter secondary: Unknown building: g?lgealti
8.1.2 06-07-2024 15:31:37 ERROR: null: trading_village_seljuks: Error when reading value 'g?lgealti' for parameter secondary: Unknown building: g?lgealti
8.1.2 06-07-2024 15:31:37 MAJOR: null: Loading language: fr
8.1.2 06-07-2024 15:31:37 ERROR: null: Git conflict lines present in /minecraft/mods/millenaire/languages/zh_tw/quests_sadhu.txt
8.1.2 06-07-2024 15:31:37 ERROR: null: Git conflict lines present in /minecraft/mods/millenaire/languages/zh_tw/quests_alchemist.txt
8.1.2 06-07-2024 15:31:37 MAJOR: null: LanguageData loaded: fr. Wand invitem name: Wand of Summoning
8.1.2 06-07-2024 18:17:18 ERROR: org.millenaire.common.village.buildingmanagers.PanelManager@7a225182: No TileEntitySign at: 209/71/-275
8.1.2 06-07-2024 18:17:23 ERROR: org.millenaire.common.village.buildingmanagers.PanelManager@7a225182: No TileEntitySign at: 209/71/-275
8.1.2 06-07-2024 18:17:28 ERROR: org.millenaire.common.village.buildingmanagers.PanelManager@7a225182: No TileEntitySign at: 209/71/-275
8.1.2 06-07-2024 18:28:01 ERROR: org.millenaire.common.village.buildingmanagers.PanelManager@7a225182: No TileEntitySign at: 209/71/-275
8.1.2 06-07-2024 18:28:06 ERROR: org.millenaire.common.village.buildingmanagers.PanelManager@7a225182: No TileEntitySign at: 209/71/-275
